<?xml version="1.0" encoding="UTF-8"?>
<!-- Generated by org.testng.reporters.JUnitReportReporter -->
<testsuite hostname="DESKTOP-FOJ8VHI" failures="0" tests="1" name="Demo.Demo1" time="25.290" errors="0" timestamp="2024-10-21T15:48:04 IST" skipped="0">
  <testcase classname="Demo.Demo1" name="chrome" time="25.290"/>
</testsuite> <!-- Demo.Demo1 -->
